14:32:07 **** Build of configuration Debug for project 213 ****
make -j8 all 
arm-none-eabi-gcc -mcpu=cortex-m4 -g3 -c -x assembler-with-cpp --specs=nano.specs -mfpu=fpv4-sp-d16 -mfloat-abi=hard -mthumb -o "Startup/startup_stm32l471retx.o" "../Startup/startup_stm32l471retx.s"
arm-none-eabi-gcc "../Src/freertos.c" -mcpu=cortex-m4 -std=gnu11 -g3 -DUSE_HAL_DRIVER -DSTM32L471xx -DDEBUG -c -I../Middlewares/Third_Party/FreeRTOS/Source/include -I../Middlewares/Third_Party/FreeRTOS/Source/portable/GCC/ARM_CM4F -I../Inc -I../Drivers/CMSIS/Include -I../Drivers/CMSIS/Device/ST/STM32L4xx/Include -I../Drivers/STM32L4xx_HAL_Driver/Inc -I../Middlewares/Third_Party/FreeRTOS/Source/CMSIS_RTOS_V2 -I../Drivers/STM32L4xx_HAL_Driver/Inc/Legacy -O0 -ffunction-sections -fdata-sections -Wall -fstack-usage -MMD -MP -MF"Src/freertos.d" -MT"Src/freertos.o" --specs=nano.specs -mfpu=fpv4-sp-d16 -mfloat-abi=hard -mthumb -o "Src/freertos.o"
arm-none-eabi-gcc "../Src/main.c" -mcpu=cortex-m4 -std=gnu11 -g3 -DUSE_HAL_DRIVER -DSTM32L471xx -DDEBUG -c -I../Middlewares/Third_Party/FreeRTOS/Source/include -I../Middlewares/Third_Party/FreeRTOS/Source/portable/GCC/ARM_CM4F -I../Inc -I../Drivers/CMSIS/Include -I../Drivers/CMSIS/Device/ST/STM32L4xx/Include -I../Drivers/STM32L4xx_HAL_Driver/Inc -I../Middlewares/Third_Party/FreeRTOS/Source/CMSIS_RTOS_V2 -I../Drivers/STM32L4xx_HAL_Driver/Inc/Legacy -O0 -ffunction-sections -fdata-sections -Wall -fstack-usage -MMD -MP -MF"Src/main.d" -MT"Src/main.o" --specs=nano.specs -mfpu=fpv4-sp-d16 -mfloat-abi=hard -mthumb -o "Src/main.o"
arm-none-eabi-gcc "../Src/stm32l4xx_hal_msp.c" -mcpu=cortex-m4 -std=gnu11 -g3 -DUSE_HAL_DRIVER -DSTM32L471xx -DDEBUG -c -I../Middlewares/Third_Party/FreeRTOS/Source/include -I../Middlewares/Third_Party/FreeRTOS/Source/portable/GCC/ARM_CM4F -I../Inc -I../Drivers/CMSIS/Include -I../Drivers/CMSIS/Device/ST/STM32L4xx/Include -I../Drivers/STM32L4xx_HAL_Driver/Inc -I../Middlewares/Third_Party/FreeRTOS/Source/CMSIS_RTOS_V2 -I../Drivers/STM32L4xx_HAL_Driver/Inc/Legacy -O0 -ffunction-sections -fdata-sections -Wall -fstack-usage -MMD -MP -MF"Src/stm32l4xx_hal_msp.d" -MT"Src/stm32l4xx_hal_msp.o" --specs=nano.specs -mfpu=fpv4-sp-d16 -mfloat-abi=hard -mthumb -o "Src/stm32l4xx_hal_msp.o"
arm-none-eabi-gcc "../Src/stm32l4xx_it.c" -mcpu=cortex-m4 -std=gnu11 -g3 -DUSE_HAL_DRIVER -DSTM32L471xx -DDEBUG -c -I../Middlewares/Third_Party/FreeRTOS/Source/include -I../Middlewares/Third_Party/FreeRTOS/Source/portable/GCC/ARM_CM4F -I../Inc -I../Drivers/CMSIS/Include -I../Drivers/CMSIS/Device/ST/STM32L4xx/Include -I../Drivers/STM32L4xx_HAL_Driver/Inc -I../Middlewares/Third_Party/FreeRTOS/Source/CMSIS_RTOS_V2 -I../Drivers/STM32L4xx_HAL_Driver/Inc/Legacy -O0 -ffunction-sections -fdata-sections -Wall -fstack-usage -MMD -MP -MF"Src/stm32l4xx_it.d" -MT"Src/stm32l4xx_it.o" --specs=nano.specs -mfpu=fpv4-sp-d16 -mfloat-abi=hard -mthumb -o "Src/stm32l4xx_it.o"
arm-none-eabi-gcc "../Src/syscalls.c" -mcpu=cortex-m4 -std=gnu11 -g3 -DUSE_HAL_DRIVER -DSTM32L471xx -DDEBUG -c -I../Middlewares/Third_Party/FreeRTOS/Source/include -I../Middlewares/Third_Party/FreeRTOS/Source/portable/GCC/ARM_CM4F -I../Inc -I../Drivers/CMSIS/Include -I../Drivers/CMSIS/Device/ST/STM32L4xx/Include -I../Drivers/STM32L4xx_HAL_Driver/Inc -I../Middlewares/Third_Party/FreeRTOS/Source/CMSIS_RTOS_V2 -I../Drivers/STM32L4xx_HAL_Driver/Inc/Legacy -O0 -ffunction-sections -fdata-sections -Wall -fstack-usage -MMD -MP -MF"Src/syscalls.d" -MT"Src/syscalls.o" --specs=nano.specs -mfpu=fpv4-sp-d16 -mfloat-abi=hard -mthumb -o "Src/syscalls.o"
arm-none-eabi-gcc "../Src/sysmem.c" -mcpu=cortex-m4 -std=gnu11 -g3 -DUSE_HAL_DRIVER -DSTM32L471xx -DDEBUG -c -I../Middlewares/Third_Party/FreeRTOS/Source/include -I../Middlewares/Third_Party/FreeRTOS/Source/portable/GCC/ARM_CM4F -I../Inc -I../Drivers/CMSIS/Include -I../Drivers/CMSIS/Device/ST/STM32L4xx/Include -I../Drivers/STM32L4xx_HAL_Driver/Inc -I../Middlewares/Third_Party/FreeRTOS/Source/CMSIS_RTOS_V2 -I../Drivers/STM32L4xx_HAL_Driver/Inc/Legacy -O0 -ffunction-sections -fdata-sections -Wall -fstack-usage -MMD -MP -MF"Src/sysmem.d" -MT"Src/sysmem.o" --specs=nano.specs -mfpu=fpv4-sp-d16 -mfloat-abi=hard -mthumb -o "Src/sysmem.o"
arm-none-eabi-gcc "../Src/system_stm32l4xx.c" -mcpu=cortex-m4 -std=gnu11 -g3 -DUSE_HAL_DRIVER -DSTM32L471xx -DDEBUG -c -I../Middlewares/Third_Party/FreeRTOS/Source/include -I../Middlewares/Third_Party/FreeRTOS/Source/portable/GCC/ARM_CM4F -I../Inc -I../Drivers/CMSIS/Include -I../Drivers/CMSIS/Device/ST/STM32L4xx/Include -I../Drivers/STM32L4xx_HAL_Driver/Inc -I../Middlewares/Third_Party/FreeRTOS/Source/CMSIS_RTOS_V2 -I../Drivers/STM32L4xx_HAL_Driver/Inc/Legacy -O0 -ffunction-sections -fdata-sections -Wall -fstack-usage -MMD -MP -MF"Src/system_stm32l4xx.d" -MT"Src/system_stm32l4xx.o" --specs=nano.specs -mfpu=fpv4-sp-d16 -mfloat-abi=hard -mthumb -o "Src/system_stm32l4xx.o"
../Src/main.c: In function 'StartDefaultTask':
../Src/main.c:199:2: error: unknown type name 'TaskHandle_t'; did you mean 'xTaskHandle'?
  TaskHandle_t a;
  ^~~~~~~~~~~~
  xTaskHandle
../Src/main.c:199:15: warning: unused variable 'a' [-Wunused-variable]
  TaskHandle_t a;
               ^
make: *** [Src/subdir.mk:38: Src/main.o] Error 1
make: *** Waiting for unfinished jobs....
"make -j8 all" terminated with exit code 2. Build might be incomplete.

14:32:10 Build Failed. 3 errors, 1 warnings. (took 3s.247ms)

